{"total": {"lines":{"total":760,"covered":755,"skipped":0,"pct":99.34},"statements":{"total":760,"covered":755,"skipped":0,"pct":99.34},"functions":{"total":11,"covered":10,"skipped":0,"pct":90.9},"branches":{"total":83,"covered":83,"skipped":0,"pct":100},"branchesTrue":{"total":0,"covered":0,"skipped":0,"pct":100}}
,"C:\\Users\\vaiku\\Desktop\\CitizenCare\\automation\\api\\payloads\\auth.payloads.ts": {"lines":{"total":31,"covered":31,"skipped":0,"pct":100},"functions":{"total":0,"covered":0,"skipped":0,"pct":100},"statements":{"total":31,"covered":31,"skipped":0,"pct":100},"branches":{"total":0,"covered":0,"skipped":0,"pct":100}}
,"C:\\Users\\vaiku\\Desktop\\CitizenCare\\automation\\api\\payloads\\complaints.payloads.ts": {"lines":{"total":41,"covered":36,"skipped":0,"pct":87.8},"functions":{"total":3,"covered":2,"skipped":0,"pct":66.66},"statements":{"total":41,"covered":36,"skipped":0,"pct":87.8},"branches":{"total":2,"covered":2,"skipped":0,"pct":100}}
,"C:\\Users\\vaiku\\Desktop\\CitizenCare\\automation\\api\\tests\\admin.api.spec.ts": {"lines":{"total":52,"covered":52,"skipped":0,"pct":100},"functions":{"total":0,"covered":0,"skipped":0,"pct":100},"statements":{"total":52,"covered":52,"skipped":0,"pct":100},"branches":{"total":8,"covered":8,"skipped":0,"pct":100}}
,"C:\\Users\\vaiku\\Desktop\\CitizenCare\\automation\\api\\tests\\auth.api.spec.ts": {"lines":{"total":70,"covered":70,"skipped":0,"pct":100},"functions":{"total":0,"covered":0,"skipped":0,"pct":100},"statements":{"total":70,"covered":70,"skipped":0,"pct":100},"branches":{"total":10,"covered":10,"skipped":0,"pct":100}}
,"C:\\Users\\vaiku\\Desktop\\CitizenCare\\automation\\api\\tests\\complaints.api.spec.ts": {"lines":{"total":104,"covered":104,"skipped":0,"pct":100},"functions":{"total":0,"covered":0,"skipped":0,"pct":100},"statements":{"total":104,"covered":104,"skipped":0,"pct":100},"branches":{"total":12,"covered":12,"skipped":0,"pct":100}}
,"C:\\Users\\vaiku\\Desktop\\CitizenCare\\automation\\api\\tests\\feedback.api.spec.ts": {"lines":{"total":74,"covered":74,"skipped":0,"pct":100},"functions":{"total":0,"covered":0,"skipped":0,"pct":100},"statements":{"total":74,"covered":74,"skipped":0,"pct":100},"branches":{"total":5,"covered":5,"skipped":0,"pct":100}}
,"C:\\Users\\vaiku\\Desktop\\CitizenCare\\automation\\api\\tests\\notifications.api.spec.ts": {"lines":{"total":36,"covered":36,"skipped":0,"pct":100},"functions":{"total":0,"covered":0,"skipped":0,"pct":100},"statements":{"total":36,"covered":36,"skipped":0,"pct":100},"branches":{"total":6,"covered":6,"skipped":0,"pct":100}}
,"C:\\Users\\vaiku\\Desktop\\CitizenCare\\automation\\api\\utilities\\TokenManager.ts": {"lines":{"total":31,"covered":31,"skipped":0,"pct":100},"functions":{"total":4,"covered":4,"skipped":0,"pct":100},"statements":{"total":31,"covered":31,"skipped":0,"pct":100},"branches":{"total":7,"covered":7,"skipped":0,"pct":100}}
,"C:\\Users\\vaiku\\Desktop\\CitizenCare\\automation\\database\\tests\\complaint_db.spec.ts": {"lines":{"total":46,"covered":46,"skipped":0,"pct":100},"functions":{"total":0,"covered":0,"skipped":0,"pct":100},"statements":{"total":46,"covered":46,"skipped":0,"pct":100},"branches":{"total":4,"covered":4,"skipped":0,"pct":100}}
,"C:\\Users\\vaiku\\Desktop\\CitizenCare\\automation\\database\\tests\\status_history_db.spec.ts": {"lines":{"total":64,"covered":64,"skipped":0,"pct":100},"functions":{"total":0,"covered":0,"skipped":0,"pct":100},"statements":{"total":64,"covered":64,"skipped":0,"pct":100},"branches":{"total":6,"covered":6,"skipped":0,"pct":100}}
,"C:\\Users\\vaiku\\Desktop\\CitizenCare\\automation\\database\\utilities\\DBClient.ts": {"lines":{"total":32,"covered":32,"skipped":0,"pct":100},"functions":{"total":4,"covered":4,"skipped":0,"pct":100},"statements":{"total":32,"covered":32,"skipped":0,"pct":100},"branches":{"total":4,"covered":4,"skipped":0,"pct":100}}
,"C:\\Users\\vaiku\\Desktop\\CitizenCare\\automation\\integration\\integration.spec.ts": {"lines":{"total":69,"covered":69,"skipped":0,"pct":100},"functions":{"total":0,"covered":0,"skipped":0,"pct":100},"statements":{"total":69,"covered":69,"skipped":0,"pct":100},"branches":{"total":5,"covered":5,"skipped":0,"pct":100}}
,"C:\\Users\\vaiku\\Desktop\\CitizenCare\\automation\\security\\jwt_tampering_security.spec.ts": {"lines":{"total":31,"covered":31,"skipped":0,"pct":100},"functions":{"total":0,"covered":0,"skipped":0,"pct":100},"statements":{"total":31,"covered":31,"skipped":0,"pct":100},"branches":{"total":4,"covered":4,"skipped":0,"pct":100}}
,"C:\\Users\\vaiku\\Desktop\\CitizenCare\\automation\\security\\rbac_security.spec.ts": {"lines":{"total":47,"covered":47,"skipped":0,"pct":100},"functions":{"total":0,"covered":0,"skipped":0,"pct":100},"statements":{"total":47,"covered":47,"skipped":0,"pct":100},"branches":{"total":6,"covered":6,"skipped":0,"pct":100}}
,"C:\\Users\\vaiku\\Desktop\\CitizenCare\\automation\\security\\sql_injection_security.spec.ts": {"lines":{"total":32,"covered":32,"skipped":0,"pct":100},"functions":{"total":0,"covered":0,"skipped":0,"pct":100},"statements":{"total":32,"covered":32,"skipped":0,"pct":100},"branches":{"total":4,"covered":4,"skipped":0,"pct":100}}
}
